# JRE version: 8.0
# Java VM: OpenJDK 64-Bit Server VM (24.0-b04 mixed mode bsd-amd64 compressed oops)
Heap
 PSYoungGen      total 364736K, used 43634K [0x00000007e3cb0000, 0x00000007fbed0000, 0x0000000800000000)
  eden space 337536K, 12% used [0x00000007e3cb0000,0x00000007e674c8e8,0x00000007f8650000)
  from space 27200K, 0% used [0x00000007fa200000,0x00000007fa200000,0x00000007fbc90000)
  to   space 28352K, 0% used [0x00000007f8650000,0x00000007f8650000,0x00000007fa200000)
 ParOldGen       total 57728K, used 31120K [0x00000007ab600000, 0x00000007aee60000, 0x00000007e3cb0000)
  object space 57728K, 53% used [0x00000007ab600000,0x00000007ad464140,0x00000007aee60000)
 PSPermGen       total 46208K, used 46067K [0x00000007a6400000, 0x00000007a9120000, 0x00000007ab600000)
  object space 46208K, 99% used [0x00000007a6400000,0x00000007a90fcdf8,0x00000007a9120000)
GC Heap History (10 events):
Event: 7.558 GC heap before
{Heap before GC invocations=5 (full 0):
 PSYoungGen      total 90368K, used 90352K [0x00000007e3cb0000, 0x00000007e9870000, 0x0000000800000000)
  eden space 86784K, 100% used [0x00000007e3cb0000,0x00000007e9170000,0x00000007e9170000)
  from space 3584K, 99% used [0x00000007e94f0000,0x00000007e986c010,0x00000007e9870000)
  to   space 3584K, 0% used [0x00000007e9170000,0x00000007e9170000,0x00000007e94f0000)
 ParOldGen       total 57728K, used 7302K [0x00000007ab600000, 0x00000007aee60000, 0x00000007e3cb0000)
  object space 57728K, 12% used [0x00000007ab600000,0x00000007abd21938,0x00000007aee60000)
 PSPermGen       total 21248K, used 18623K [0x00000007a6400000, 0x00000007a78c0000, 0x00000007ab600000)
  object space 21248K, 87% used [0x00000007a6400000,0x00000007a762fec8,0x00000007a78c0000)
Event: 7.578 GC heap after
Heap after GC invocations=5 (full 0):
 PSYoungGen      total 90368K, used 3568K [0x00000007e3cb0000, 0x00000007efc30000, 0x0000000800000000)
  eden space 86784K, 0% used [0x00000007e3cb0000,0x00000007e3cb0000,0x00000007e9170000)
  from space 3584K, 99% used [0x00000007e9170000,0x00000007e94ec020,0x00000007e94f0000)
  to   space 11264K, 0% used [0x00000007ef130000,0x00000007ef130000,0x00000007efc30000)
 ParOldGen       total 57728K, used 14174K [0x00000007ab600000, 0x00000007aee60000, 0x00000007e3cb0000)
  object space 57728K, 24% used [0x00000007ab600000,0x00000007ac3d79c8,0x00000007aee60000)
 PSPermGen       total 21248K, used 18623K [0x00000007a6400000, 0x00000007a78c0000, 0x00000007ab600000)
  object space 21248K, 87% used [0x00000007a6400000,0x00000007a762fec8,0x00000007a78c0000)
}
Event: 10.875 GC heap before
{Heap before GC invocations=6 (full 0):
 PSYoungGen      total 90368K, used 90352K [0x00000007e3cb0000, 0x00000007efc30000, 0x0000000800000000)
  eden space 86784K, 100% used [0x00000007e3cb0000,0x00000007e9170000,0x00000007e9170000)
  from space 3584K, 99% used [0x00000007e9170000,0x00000007e94ec020,0x00000007e94f0000)
  to   space 11264K, 0% used [0x00000007ef130000,0x00000007ef130000,0x00000007efc30000)
 ParOldGen       total 57728K, used 14174K [0x00000007ab600000, 0x00000007aee60000, 0x00000007e3cb0000)
  object space 57728K, 24% used [0x00000007ab600000,0x00000007ac3d79c8,0x00000007aee60000)
 PSPermGen       total 31232K, used 31223K [0x00000007a6400000, 0x00000007a8280000, 0x00000007ab600000)
  object space 31232K, 99% used [0x00000007a6400000,0x00000007a827dfb0,0x00000007a8280000)
Event: 10.912 GC heap after
Heap after GC invocations=6 (full 0):
 PSYoungGen      total 180608K, used 11252K [0x00000007e3cb0000, 0x00000007f0470000, 0x0000000800000000)
  eden space 169344K, 0% used [0x00000007e3cb0000,0x00000007e3cb0000,0x00000007ee210000)
  from space 11264K, 99% used [0x00000007ef130000,0x00000007efc2d100,0x00000007efc30000)
  to   space 15488K, 0% used [0x00000007ee210000,0x00000007ee210000,0x00000007ef130000)
 ParOldGen       total 57728K, used 18185K [0x00000007ab600000, 0x00000007aee60000, 0x00000007e3cb0000)
  object space 57728K, 31% used [0x00000007ab600000,0x00000007ac7c2510,0x00000007aee60000)
 PSPermGen       total 31232K, used 31223K [0x00000007a6400000, 0x00000007a8280000, 0x00000007ab600000)
  object space 31232K, 99% used [0x00000007a6400000,0x00000007a827dfb0,0x00000007a8280000)
}
Event: 18.402 GC heap before
{Heap before GC invocations=7 (full 0):
 PSYoungGen      total 180608K, used 180596K [0x00000007e3cb0000, 0x00000007f0470000, 0x0000000800000000)
  eden space 169344K, 100% used [0x00000007e3cb0000,0x00000007ee210000,0x00000007ee210000)
  from space 11264K, 99% used [0x00000007ef130000,0x00000007efc2d100,0x00000007efc30000)
  to   space 15488K, 0% used [0x00000007ee210000,0x00000007ee210000,0x00000007ef130000)
 ParOldGen       total 57728K, used 18185K [0x00000007ab600000, 0x00000007aee60000, 0x00000007e3cb0000)
  object space 57728K, 31% used [0x00000007ab600000,0x00000007ac7c2510,0x00000007aee60000)
 PSPermGen       total 41984K, used 41852K [0x00000007a6400000, 0x00000007a8d00000, 0x00000007ab600000)
  object space 41984K, 99% used [0x00000007a6400000,0x00000007a8cdf320,0x00000007a8d00000)
Event: 18.467 GC heap after
Heap after GC invocations=7 (full 0):
 PSYoungGen      total 184832K, used 15462K [0x00000007e3cb0000, 0x00000007fbc90000, 0x0000000800000000)
  eden space 169344K, 0% used [0x00000007e3cb0000,0x00000007e3cb0000,0x00000007ee210000)
  from space 15488K, 99% used [0x00000007ee210000,0x00000007ef1299e8,0x00000007ef130000)
  to   space 27200K, 0% used [0x00000007fa200000,0x00000007fa200000,0x00000007fbc90000)
 ParOldGen       total 57728K, used 35968K [0x00000007ab600000, 0x00000007aee60000, 0x00000007e3cb0000)
  object space 57728K, 62% used [0x00000007ab600000,0x00000007ad920058,0x00000007aee60000)
 PSPermGen       total 41984K, used 41852K [0x00000007a6400000, 0x00000007a8d00000, 0x00000007ab600000)
  object space 41984K, 99% used [0x00000007a6400000,0x00000007a8cdf320,0x00000007a8d00000)
}
Event: 24.605 GC heap before
{Heap before GC invocations=8 (full 0):
 PSYoungGen      total 184832K, used 83549K [0x00000007e3cb0000, 0x00000007fbc90000, 0x0000000800000000)
  eden space 169344K, 40% used [0x00000007e3cb0000,0x00000007e7f2dd90,0x00000007ee210000)
  from space 15488K, 99% used [0x00000007ee210000,0x00000007ef1299e8,0x00000007ef130000)
  to   space 27200K, 0% used [0x00000007fa200000,0x00000007fa200000,0x00000007fbc90000)
 ParOldGen       total 57728K, used 35968K [0x00000007ab600000, 0x00000007aee60000, 0x00000007e3cb0000)
  object space 57728K, 62% used [0x00000007ab600000,0x00000007ad920058,0x00000007aee60000)
 PSPermGen       total 44288K, used 44163K [0x00000007a6400000, 0x00000007a8f40000, 0x00000007ab600000)
  object space 44288K, 99% used [0x00000007a6400000,0x00000007a8f20d98,0x00000007a8f40000)
Event: 24.675 GC heap after
Heap after GC invocations=8 (full 0):
 PSYoungGen      total 364736K, used 18362K [0x00000007e3cb0000, 0x00000007fbed0000, 0x0000000800000000)
  eden space 337536K, 0% used [0x00000007e3cb0000,0x00000007e3cb0000,0x00000007f8650000)
  from space 27200K, 67% used [0x00000007fa200000,0x00000007fb3ee8d0,0x00000007fbc90000)
  to   space 28352K, 0% used [0x00000007f8650000,0x00000007f8650000,0x00000007fa200000)
 ParOldGen       total 57728K, used 37662K [0x00000007ab600000, 0x00000007aee60000, 0x00000007e3cb0000)
  object space 57728K, 65% used [0x00000007ab600000,0x00000007adac79c0,0x00000007aee60000)
 PSPermGen       total 44288K, used 44163K [0x00000007a6400000, 0x00000007a8f40000, 0x00000007ab600000)
  object space 44288K, 99% used [0x00000007a6400000,0x00000007a8f20d98,0x00000007a8f40000)
}
Event: 24.675 GC heap before
{Heap before GC invocations=9 (full 1):
 PSYoungGen      total 364736K, used 18362K [0x00000007e3cb0000, 0x00000007fbed0000, 0x0000000800000000)
  eden space 337536K, 0% used [0x00000007e3cb0000,0x00000007e3cb0000,0x00000007f8650000)
  from space 27200K, 67% used [0x00000007fa200000,0x00000007fb3ee8d0,0x00000007fbc90000)
  to   space 28352K, 0% used [0x00000007f8650000,0x00000007f8650000,0x00000007fa200000)
 ParOldGen       total 57728K, used 37662K [0x00000007ab600000, 0x00000007aee60000, 0x00000007e3cb0000)
  object space 57728K, 65% used [0x00000007ab600000,0x00000007adac79c0,0x00000007aee60000)
 PSPermGen       total 44288K, used 44163K [0x00000007a6400000, 0x00000007a8f40000, 0x00000007ab600000)
  object space 44288K, 99% used [0x00000007a6400000,0x00000007a8f20d98,0x00000007a8f40000)
Event: 24.973 GC heap after
Heap after GC invocations=9 (full 1):
 PSYoungGen      total 364736K, used 0K [0x00000007e3cb0000, 0x00000007fbed0000, 0x0000000800000000)
  eden space 337536K, 0% used [0x00000007e3cb0000,0x00000007e3cb0000,0x00000007f8650000)
  from space 27200K, 0% used [0x00000007fa200000,0x00000007fa200000,0x00000007fbc90000)
  to   space 28352K, 0% used [0x00000007f8650000,0x00000007f8650000,0x00000007fa200000)
 ParOldGen       total 57728K, used 31120K [0x00000007ab600000, 0x00000007aee60000, 0x00000007e3cb0000)
  object space 57728K, 53% used [0x00000007ab600000,0x00000007ad464140,0x00000007aee60000)
 PSPermGen       total 44288K, used 44126K [0x00000007a6400000, 0x00000007a8f40000, 0x00000007ab600000)
  object space 44288K, 99% used [0x00000007a6400000,0x00000007a8f17840,0x00000007a8f40000)
}

